[20:56:42 PM] <EastLeech1> key3.mpq realm down! 
[20:57:50 PM] <EastLead> key1.mpq realm down! 
[03:47:14 AM] <EastLeech> key2.mpq realm down! 
[03:47:40 AM] <EastLead> key1.mpq realm down! 
[07:21:26 AM] <EastLeech2> key4.mpq realm down! 
[07:21:50 AM] <EastLead> key1.mpq realm down! 
[08:55:56 AM] <EastLeech1> key3.mpq realm down! 
[08:56:21 AM] <EastLead> key1.mpq realm down! 
[04:48:29 AM] <EastLeech2> key4.mpq realm down! 
[07:42:54 AM] <EastLeech1> key3.mpq realm down! 
[07:42:55 AM] <EastLeech> key2.mpq realm down! 
[07:43:18 AM] <EastLead> key1.mpq realm down! 
[04:25:15 AM] <EastLeech2> key4.mpq realm down! 
[04:25:41 AM] <EastLead> key1.mpq realm down! 
[20:49:28 PM] <EastLeech2> key4.mpq realm down! 
[20:49:53 PM] <EastLead> key1.mpq realm down! 
[10:17:40 AM] <EastLeech1> key3.mpq realm down! 
[10:18:03 AM] <EastLead> key1.mpq realm down! 
[12:16:43 PM] <EastLeech2> key4.mpq realm down! 
[12:17:07 PM] <EastLead> key1.mpq realm down! 
[14:55:55 PM] <EastLeech1> key3.mpq realm down! 
[14:56:20 PM] <EastLead> key1.mpq realm down! 
[19:50:44 PM] <EastLeech2> key4.mpq realm down! 
[19:50:55 PM] <EastLead> key1.mpq realm down! 
[23:09:59 PM] <EastLeech> key2.mpq realm down! 
[23:10:00 PM] <EastLeech1> key3.mpq realm down! 
[23:10:22 PM] <EastLead> key1.mpq realm down! 
